<?xml version="1.0" encoding="UTF-8"?>
<!-- Generated by org.testng.reporters.JUnitXMLReporter -->
<testsuite hostname="DESKTOP-3L8M6LS" ignored="48" name="Default test" tests="1" failures="1" timestamp="2021-10-14T13:50:26 IST" time="63.085" errors="0">
  <testcase name="fileLoadWithZeroMessagesTest" time="58.043" classname="com.kalkitech.doble.testcases.SCLFiles.SCLFileLoadingTest">
    <failure type="java.lang.AssertionError" message="expected [true] but found [false]">
      <![CDATA[java.lang.AssertionError: expected [true] but found [false]
at org.testng.Assert.fail(Assert.java:99)
at org.testng.Assert.failNotEquals(Assert.java:1037)
at org.testng.Assert.assertTrue(Assert.java:45)
at org.testng.Assert.assertTrue(Assert.java:55)
at com.kalkitech.doble.testcases.SCLFiles.SCLFileLoadingTest.fileLoadWithZeroMessagesTest(SCLFileLoadingTest.java:568)
at sun.reflect.NativeMethodAccessorImpl.invoke0(Native Method)
at sun.reflect.NativeMethodAccessorImpl.invoke(Unknown Source)
at sun.reflect.DelegatingMethodAccessorImpl.invoke(Unknown Source)
at java.lang.reflect.Method.invoke(Unknown Source)
at org.testng.internal.MethodInvocationHelper.invokeMethod(MethodInvocationHelper.java:132)
at org.testng.internal.TestInvoker.invokeMethod(TestInvoker.java:599)
at org.testng.internal.TestInvoker.invokeTestMethod(TestInvoker.java:174)
at org.testng.internal.MethodRunner.runInSequence(MethodRunner.java:46)
at org.testng.internal.TestInvoker$MethodInvocationAgent.invoke(TestInvoker.java:822)
at org.testng.internal.TestInvoker.invokeTestMethods(TestInvoker.java:147)
at org.testng.internal.TestMethodWorker.invokeTestMethods(TestMethodWorker.java:146)
at org.testng.internal.TestMethodWorker.run(TestMethodWorker.java:128)
at java.util.ArrayList.forEach(Unknown Source)
at org.testng.TestRunner.privateRun(TestRunner.java:764)
at org.testng.TestRunner.run(TestRunner.java:585)
at org.testng.SuiteRunner.runTest(SuiteRunner.java:384)
at org.testng.SuiteRunner.runSequentially(SuiteRunner.java:378)
at org.testng.SuiteRunner.privateRun(SuiteRunner.java:337)
at org.testng.SuiteRunner.run(SuiteRunner.java:286)
at org.testng.SuiteRunnerWorker.runSuite(SuiteRunnerWorker.java:53)
at org.testng.SuiteRunnerWorker.run(SuiteRunnerWorker.java:96)
at org.testng.TestNG.runSuitesSequentially(TestNG.java:1218)
at org.testng.TestNG.runSuitesLocally(TestNG.java:1140)
at org.testng.TestNG.runSuites(TestNG.java:1069)
at org.testng.TestNG.run(TestNG.java:1037)
at org.testng.remote.AbstractRemoteTestNG.run(AbstractRemoteTestNG.java:115)
at org.testng.remote.RemoteTestNG.initAndRun(RemoteTestNG.java:251)
at org.testng.remote.RemoteTestNG.main(RemoteTestNG.java:77)
]]>
    </failure>
  </testcase> <!-- fileLoadWithZeroMessagesTest -->
  <testcase name="XBtnInIEDLoadSuccessPageCheckTest" time="0.0" classname="com.kalkitech.doble.testcases.SCLFiles.SCLFileLoadingTest">
    <ignored/>
  </testcase> <!-- XBtnInIEDLoadSuccessPageCheckTest -->
  <testcase name="IEDLoadPageElementsCheckTest" time="0.0" classname="com.kalkitech.doble.testcases.SCLFiles.SCLFileLoadingTest">
    <ignored/>
  </testcase> <!-- IEDLoadPageElementsCheckTest -->
  <testcase name="renamePopUpElementsCheckTest" time="0.0" classname="com.kalkitech.doble.testcases.SCLFiles.SCLFileLoadingTest">
    <ignored/>
  </testcase> <!-- renamePopUpElementsCheckTest -->
  <testcase name="loadsedFileInFileSystemTest" time="0.0" classname="com.kalkitech.doble.testcases.SCLFiles.SCLFileLoadingTest">
    <ignored/>
  </testcase> <!-- loadsedFileInFileSystemTest -->
  <testcase name="extensionAvailableCheckTest" time="0.0" classname="com.kalkitech.doble.testcases.SCLFiles.SCLFileLoadingTest">
    <ignored/>
  </testcase> <!-- extensionAvailableCheckTest -->
  <testcase name="replaceDuplicateFileUploadTest" time="0.0" classname="com.kalkitech.doble.testcases.SCLFiles.SCLFileLoadingTest">
    <ignored/>
  </testcase> <!-- replaceDuplicateFileUploadTest -->
  <testcase name="IEDLoadstatusCheckTest" time="0.0" classname="com.kalkitech.doble.testcases.SCLFiles.SCLFileLoadingTest">
    <ignored/>
  </testcase> <!-- IEDLoadstatusCheckTest -->
  <testcase name="sclFileloadWithOnlyGSEMessagesTest" time="0.0" classname="com.kalkitech.doble.testcases.SCLFiles.SCLFileLoadingTest">
    <ignored/>
  </testcase> <!-- sclFileloadWithOnlyGSEMessagesTest -->
  <testcase name="settingsElementsCheckTest" time="0.0" classname="com.kalkitech.doble.testcases.SCLFiles.SCLFileLoadingTest">
    <ignored/>
  </testcase> <!-- settingsElementsCheckTest -->
  <testcase name="loadingWindowcidFileTest" time="0.0" classname="com.kalkitech.doble.testcases.SCLFiles.SCLFileLoadingTest">
    <ignored/>
  </testcase> <!-- loadingWindowcidFileTest -->
  <testcase name="canceldeleteFileInFileSystemTableTest" time="0.0" classname="com.kalkitech.doble.testcases.SCLFiles.SCLFileLoadingTest">
    <ignored/>
  </testcase> <!-- canceldeleteFileInFileSystemTableTest -->
  <testcase name="sclFileloadWithOnlySVMessagesTest" time="0.0" classname="com.kalkitech.doble.testcases.SCLFiles.SCLFileLoadingTest">
    <ignored/>
  </testcase> <!-- sclFileloadWithOnlySVMessagesTest -->
  <testcase name="loadingWindowscdFileTest" time="0.0" classname="com.kalkitech.doble.testcases.SCLFiles.SCLFileLoadingTest">
    <ignored/>
  </testcase> <!-- loadingWindowscdFileTest -->
  <testcase name="IEDLoadSuccessMsgCheckTest" time="0.0" classname="com.kalkitech.doble.testcases.SCLFiles.SCLFileLoadingTest">
    <ignored/>
  </testcase> <!-- IEDLoadSuccessMsgCheckTest -->
  <testcase name="singleIEDloadTest" time="0.0" classname="com.kalkitech.doble.testcases.SCLFiles.SCLFileLoadingTest">
    <ignored/>
  </testcase> <!-- singleIEDloadTest -->
  <testcase name="deleteSelectedClickWithoutSelectingFileTest" time="0.0" classname="com.kalkitech.doble.testcases.SCLFiles.SCLFileLoadingTest">
    <ignored/>
  </testcase> <!-- deleteSelectedClickWithoutSelectingFileTest -->
  <testcase name="selectFilesUsingSelectAllFileSystemTest" time="0.0" classname="com.kalkitech.doble.testcases.SCLFiles.SCLFileLoadingTest">
    <ignored/>
  </testcase> <!-- selectFilesUsingSelectAllFileSystemTest -->
  <testcase name="closeBtnClickInIEDsStatusInfoPopUpTest" time="0.0" classname="com.kalkitech.doble.testcases.SCLFiles.SCLFileLoadingTest">
    <ignored/>
  </testcase> <!-- closeBtnClickInIEDsStatusInfoPopUpTest -->
  <testcase name="canceldeleteFileInFileSystemTableUsingCloseTest" time="0.0" classname="com.kalkitech.doble.testcases.SCLFiles.SCLFileLoadingTest">
    <ignored/>
  </testcase> <!-- canceldeleteFileInFileSystemTableUsingCloseTest -->
  <testcase name="loadiidFileInFileSystemTest" time="0.0" classname="com.kalkitech.doble.testcases.SCLFiles.SCLFileLoadingTest">
    <ignored/>
  </testcase> <!-- loadiidFileInFileSystemTest -->
  <testcase name="deleteAllFileInFilesystemTableTest" time="0.0" classname="com.kalkitech.doble.testcases.SCLFiles.SCLFileLoadingTest">
    <ignored/>
  </testcase> <!-- deleteAllFileInFilesystemTableTest -->
  <testcase name="searchFunctionFileSystemWithRandomcharacterSearchTest" time="0.0" classname="com.kalkitech.doble.testcases.SCLFiles.SCLFileLoadingTest">
    <ignored/>
  </testcase> <!-- searchFunctionFileSystemWithRandomcharacterSearchTest -->
  <testcase name="loadIEDPopUpCheckTest" time="0.0" classname="com.kalkitech.doble.testcases.SCLFiles.SCLFileLoadingTest">
    <ignored/>
  </testcase> <!-- loadIEDPopUpCheckTest -->
  <testcase name="warningMsgOnSubmitWithoutUploadTest" time="0.0" classname="com.kalkitech.doble.testcases.SCLFiles.SCLFileLoadingTest">
    <ignored/>
  </testcase> <!-- warningMsgOnSubmitWithoutUploadTest -->
  <testcase name="searchFunctionFileSystemTest" time="0.0" classname="com.kalkitech.doble.testcases.SCLFiles.SCLFileLoadingTest">
    <ignored/>
  </testcase> <!-- searchFunctionFileSystemTest -->
  <testcase name="UIElementsCheckTest" time="0.0" classname="com.kalkitech.doble.testcases.SCLFiles.SCLFileLoadingTest">
    <ignored/>
  </testcase> <!-- UIElementsCheckTest -->
  <testcase name="removeFileUsingDeleteBtnFileSystemTest" time="0.0" classname="com.kalkitech.doble.testcases.SCLFiles.SCLFileLoadingTest">
    <ignored/>
  </testcase> <!-- removeFileUsingDeleteBtnFileSystemTest -->
  <testcase name="loadingWindowicdFileTest" time="0.0" classname="com.kalkitech.doble.testcases.SCLFiles.SCLFileLoadingTest">
    <ignored/>
  </testcase> <!-- loadingWindowicdFileTest -->
  <testcase name="siscoErrorfileloadTest" time="0.0" classname="com.kalkitech.doble.testcases.SCLFiles.SCLFileLoadingTest">
    <ignored/>
  </testcase> <!-- siscoErrorfileloadTest -->
  <testcase name="columnCheckInfilesystemTableTest" time="0.0" classname="com.kalkitech.doble.testcases.SCLFiles.SCLFileLoadingTest">
    <ignored/>
  </testcase> <!-- columnCheckInfilesystemTableTest -->
  <testcase name="loadingWindowiidFileTest" time="0.0" classname="com.kalkitech.doble.testcases.SCLFiles.SCLFileLoadingTest">
    <ignored/>
  </testcase> <!-- loadingWindowiidFileTest -->
  <testcase name="removeFileUsingDeleteAllFileSystemTest" time="0.0" classname="com.kalkitech.doble.testcases.SCLFiles.SCLFileLoadingTest">
    <ignored/>
  </testcase> <!-- removeFileUsingDeleteAllFileSystemTest -->
  <testcase name="sclFileLoadTest" time="0.0" classname="com.kalkitech.doble.testcases.SCLFiles.SCLFileLoadingTest">
    <ignored/>
  </testcase> <!-- sclFileLoadTest -->
  <testcase name="loadssdFileInFileSystemTest" time="0.0" classname="com.kalkitech.doble.testcases.SCLFiles.SCLFileLoadingTest">
    <ignored/>
  </testcase> <!-- loadssdFileInFileSystemTest -->
  <testcase name="sclFileloadWithGSEAndSVMessagesTest" time="0.0" classname="com.kalkitech.doble.testcases.SCLFiles.SCLFileLoadingTest">
    <ignored/>
  </testcase> <!-- sclFileloadWithGSEAndSVMessagesTest -->
  <testcase name="cancelrenameFileInFilesystemTableTest" time="0.0" classname="com.kalkitech.doble.testcases.SCLFiles.SCLFileLoadingTest">
    <ignored/>
  </testcase> <!-- cancelrenameFileInFilesystemTableTest -->
  <testcase name="loadcidFileInFileSystemTest" time="0.0" classname="com.kalkitech.doble.testcases.SCLFiles.SCLFileLoadingTest">
    <ignored/>
  </testcase> <!-- loadcidFileInFileSystemTest -->
  <testcase name="loadingWindowssdFileTest" time="0.0" classname="com.kalkitech.doble.testcases.SCLFiles.SCLFileLoadingTest">
    <ignored/>
  </testcase> <!-- loadingWindowssdFileTest -->
  <testcase name="renameFileInFileSystemTableTest" time="0.0" classname="com.kalkitech.doble.testcases.SCLFiles.SCLFileLoadingTest">
    <ignored/>
  </testcase> <!-- renameFileInFileSystemTableTest -->
  <testcase name="loadscdFileInFileSystemTest" time="0.0" classname="com.kalkitech.doble.testcases.SCLFiles.SCLFileLoadingTest">
    <ignored/>
  </testcase> <!-- loadscdFileInFileSystemTest -->
  <testcase name="deleteFileInfilesystemTableTest" time="0.0" classname="com.kalkitech.doble.testcases.SCLFiles.SCLFileLoadingTest">
    <ignored/>
  </testcase> <!-- deleteFileInfilesystemTableTest -->
  <testcase name="cancelReplaceDuplicateFileUploadTest" time="0.0" classname="com.kalkitech.doble.testcases.SCLFiles.SCLFileLoadingTest">
    <ignored/>
  </testcase> <!-- cancelReplaceDuplicateFileUploadTest -->
  <testcase name="loadicdFileInFileSystemTest" time="0.0" classname="com.kalkitech.doble.testcases.SCLFiles.SCLFileLoadingTest">
    <ignored/>
  </testcase> <!-- loadicdFileInFileSystemTest -->
  <testcase name="uploadPopUpAndElementsCheckTest" time="0.0" classname="com.kalkitech.doble.testcases.SCLFiles.SCLFileLoadingTest">
    <ignored/>
  </testcase> <!-- uploadPopUpAndElementsCheckTest -->
  <testcase name="loadingWindowsedFileTest" time="0.0" classname="com.kalkitech.doble.testcases.SCLFiles.SCLFileLoadingTest">
    <ignored/>
  </testcase> <!-- loadingWindowsedFileTest -->
  <testcase name="selectAllClickInSelectIEDsPopUpTest" time="0.0" classname="com.kalkitech.doble.testcases.SCLFiles.SCLFileLoadingTest">
    <ignored/>
  </testcase> <!-- selectAllClickInSelectIEDsPopUpTest -->
  <testcase name="multipleIEDloadTest" time="0.0" classname="com.kalkitech.doble.testcases.SCLFiles.SCLFileLoadingTest">
    <ignored/>
  </testcase> <!-- multipleIEDloadTest -->
  <testcase name="closeBtnInIEDLoadSuccessPageCheckTest" time="0.0" classname="com.kalkitech.doble.testcases.SCLFiles.SCLFileLoadingTest">
    <ignored/>
  </testcase> <!-- closeBtnInIEDLoadSuccessPageCheckTest -->
</testsuite> <!-- Default test -->
